<?xml version="1.0" encoding="UTF-8"?>
<testng-results ignored="0" total="3" passed="3" failed="0" skipped="0">
  <reporter-output>
  </reporter-output>
  <suite started-at="2022-03-06T12:07:31 IST" name="Default suite" finished-at="2022-03-06T12:07:31 IST" duration-ms="107">
    <groups>
    </groups>
    <test started-at="2022-03-06T12:07:31 IST" name="Default test" finished-at="2022-03-06T12:07:31 IST" duration-ms="107">
      <class name="org.task.ProTestNg">
        <test-method is-config="true" signature="beforeclass()[pri:0, instance:org.task.ProTestNg@f736069]" started-at="2022-03-06T12:07:31 IST" name="beforeclass" finished-at="2022-03-06T12:07:31 IST" duration-ms="20" status="PASS">
          <reporter-output>
          </reporter-output>
        </test-method> <!-- beforeclass -->
        <test-method is-config="true" signature="beforeMethod()[pri:0, instance:org.task.ProTestNg@f736069]" started-at="2022-03-06T12:07:31 IST" name="beforeMethod" finished-at="2022-03-06T12:07:31 IST" duration-ms="0" status="PASS">
          <reporter-output>
          </reporter-output>
        </test-method> <!-- beforeMethod -->
        <test-method signature="tc0()[pri:0, instance:org.task.ProTestNg@f736069]" started-at="2022-03-06T12:07:31 IST" name="tc0" finished-at="2022-03-06T12:07:31 IST" duration-ms="9" status="PASS">
          <reporter-output>
          </reporter-output>
        </test-method> <!-- tc0 -->
        <test-method is-config="true" signature="afterMethod()[pri:0, instance:org.task.ProTestNg@f736069]" started-at="2022-03-06T12:07:31 IST" name="afterMethod" finished-at="2022-03-06T12:07:31 IST" duration-ms="1" status="PASS">
          <reporter-output>
          </reporter-output>
        </test-method> <!-- afterMethod -->
        <test-method is-config="true" signature="beforeMethod()[pri:0, instance:org.task.ProTestNg@f736069]" started-at="2022-03-06T12:07:31 IST" name="beforeMethod" finished-at="2022-03-06T12:07:31 IST" duration-ms="1" status="PASS">
          <reporter-output>
          </reporter-output>
        </test-method> <!-- beforeMethod -->
        <test-method signature="tc01()[pri:0, instance:org.task.ProTestNg@f736069]" started-at="2022-03-06T12:07:31 IST" name="tc01" finished-at="2022-03-06T12:07:31 IST" duration-ms="3" status="PASS">
          <reporter-output>
          </reporter-output>
        </test-method> <!-- tc01 -->
        <test-method is-config="true" signature="afterMethod()[pri:0, instance:org.task.ProTestNg@f736069]" started-at="2022-03-06T12:07:31 IST" name="afterMethod" finished-at="2022-03-06T12:07:31 IST" duration-ms="0" status="PASS">
          <reporter-output>
          </reporter-output>
        </test-method> <!-- afterMethod -->
        <test-method is-config="true" signature="beforeMethod()[pri:0, instance:org.task.ProTestNg@f736069]" started-at="2022-03-06T12:07:31 IST" name="beforeMethod" finished-at="2022-03-06T12:07:31 IST" duration-ms="0" status="PASS">
          <reporter-output>
          </reporter-output>
        </test-method> <!-- beforeMethod -->
        <test-method signature="tc02()[pri:0, instance:org.task.ProTestNg@f736069]" started-at="2022-03-06T12:07:31 IST" name="tc02" finished-at="2022-03-06T12:07:31 IST" duration-ms="3" status="PASS">
          <reporter-output>
          </reporter-output>
        </test-method> <!-- tc02 -->
        <test-method is-config="true" signature="afterMethod()[pri:0, instance:org.task.ProTestNg@f736069]" started-at="2022-03-06T12:07:31 IST" name="afterMethod" finished-at="2022-03-06T12:07:31 IST" duration-ms="1" status="PASS">
          <reporter-output>
          </reporter-output>
        </test-method> <!-- afterMethod -->
        <test-method is-config="true" signature="afterClass()[pri:0, instance:org.task.ProTestNg@f736069]" started-at="2022-03-06T12:07:31 IST" name="afterClass" finished-at="2022-03-06T12:07:31 IST" duration-ms="0" status="PASS">
          <reporter-output>
          </reporter-output>
        </test-method> <!-- afterClass -->
      </class> <!-- org.task.ProTestNg -->
    </test> <!-- Default test -->
  </suite> <!-- Default suite -->
</testng-results>
